ERROR - 2023-07-11 06:11:58 --> Error connecting to the database: mysqli_sql_exception: Unknown database 'groceries' in C:\xampp\htdocs\ci4practice1\system\Database\MySQLi\Connection.php:173
Stack trace:
#0 C:\xampp\htdocs\ci4practice1\system\Database\MySQLi\Connection.php(173): mysqli->real_connect('localhost', 'root', Object(SensitiveParameterValue), 'groceries', 3306, '', 0)
#1 C:\xampp\htdocs\ci4practice1\system\Database\BaseConnection.php(391): CodeIgniter\Database\MySQLi\Connection->connect(false)
#2 C:\xampp\htdocs\ci4practice1\system\Database\BaseConnection.php(573): CodeIgniter\Database\BaseConnection->initialize()
#3 C:\xampp\htdocs\ci4practice1\system\Database\BaseBuilder.php(1616): CodeIgniter\Database\BaseConnection->query('SELECT *\nFROM `...', Array, false)
#4 C:\xampp\htdocs\ci4practice1\system\Model.php(241): CodeIgniter\Database\BaseBuilder->get()
#5 C:\xampp\htdocs\ci4practice1\system\BaseModel.php(618): CodeIgniter\Model->doFindAll(0, 0)
#6 C:\xampp\htdocs\ci4practice1\app\Models\UserModel.php(22): CodeIgniter\BaseModel->findAll()
#7 C:\xampp\htdocs\ci4practice1\app\Controllers\UserController.php(14): App\Models\UserModel->getallproducts()
#8 C:\xampp\htdocs\ci4practice1\system\CodeIgniter.php(934): App\Controllers\Usercontroller->shop()
#9 C:\xampp\htdocs\ci4practice1\system\CodeIgniter.php(499): CodeIgniter\CodeIgniter->runController(Object(App\Controllers\Usercontroller))
#10 C:\xampp\htdocs\ci4practice1\system\CodeIgniter.php(368): CodeIgniter\CodeIgniter->handleRequest(NULL, Object(Config\Cache), false)
#11 C:\xampp\htdocs\ci4practice1\index.php(67): CodeIgniter\CodeIgniter->run()
#12 {main}

Next CodeIgniter\Database\Exceptions\DatabaseException: Unknown database 'groceries' in C:\xampp\htdocs\ci4practice1\system\Database\MySQLi\Connection.php:218
Stack trace:
#0 C:\xampp\htdocs\ci4practice1\system\Database\BaseConnection.php(391): CodeIgniter\Database\MySQLi\Connection->connect(false)
#1 C:\xampp\htdocs\ci4practice1\system\Database\BaseConnection.php(573): CodeIgniter\Database\BaseConnection->initialize()
#2 C:\xampp\htdocs\ci4practice1\system\Database\BaseBuilder.php(1616): CodeIgniter\Database\BaseConnection->query('SELECT *\nFROM `...', Array, false)
#3 C:\xampp\htdocs\ci4practice1\system\Model.php(241): CodeIgniter\Database\BaseBuilder->get()
#4 C:\xampp\htdocs\ci4practice1\system\BaseModel.php(618): CodeIgniter\Model->doFindAll(0, 0)
#5 C:\xampp\htdocs\ci4practice1\app\Models\UserModel.php(22): CodeIgniter\BaseModel->findAll()
#6 C:\xampp\htdocs\ci4practice1\app\Controllers\UserController.php(14): App\Models\UserModel->getallproducts()
#7 C:\xampp\htdocs\ci4practice1\system\CodeIgniter.php(934): App\Controllers\Usercontroller->shop()
#8 C:\xampp\htdocs\ci4practice1\system\CodeIgniter.php(499): CodeIgniter\CodeIgniter->runController(Object(App\Controllers\Usercontroller))
#9 C:\xampp\htdocs\ci4practice1\system\CodeIgniter.php(368): CodeIgniter\CodeIgniter->handleRequest(NULL, Object(Config\Cache), false)
#10 C:\xampp\htdocs\ci4practice1\index.php(67): CodeIgniter\CodeIgniter->run()
#11 {main}
CRITICAL - 2023-07-11 06:11:58 --> Unable to connect to the database.
Main connection [MySQLi]: Unknown database 'groceries'
in SYSTEMPATH\Database\BaseConnection.php on line 427.
 1 SYSTEMPATH\Database\BaseConnection.php(573): CodeIgniter\Database\BaseConnection->initialize()
 2 SYSTEMPATH\Database\BaseBuilder.php(1616): CodeIgniter\Database\BaseConnection->query('SELECT *
FROM `product`', [], false)
 3 SYSTEMPATH\Model.php(241): CodeIgniter\Database\BaseBuilder->get()
 4 SYSTEMPATH\BaseModel.php(618): CodeIgniter\Model->doFindAll(0, 0)
 5 APPPATH\Models\UserModel.php(22): CodeIgniter\BaseModel->findAll()
 6 APPPATH\Controllers\UserController.php(14): App\Models\UserModel->getallproducts()
 7 SYSTEMPATH\CodeIgniter.php(934): App\Controllers\Usercontroller->shop()
 8 SYSTEMPATH\CodeIgniter.php(499): CodeIgniter\CodeIgniter->runController(Object(App\Controllers\Usercontroller))
 9 SYSTEMPATH\CodeIgniter.php(368): CodeIgniter\CodeIgniter->handleRequest(null, Object(Config\Cache), false)
10 FCPATH\index.php(67): CodeIgniter\CodeIgniter->run()
ERROR - 2023-07-11 06:11:59 --> Error connecting to the database: mysqli_sql_exception: Unknown database 'groceries' in C:\xampp\htdocs\ci4practice1\system\Database\MySQLi\Connection.php:173
Stack trace:
#0 C:\xampp\htdocs\ci4practice1\system\Database\MySQLi\Connection.php(173): mysqli->real_connect('localhost', 'root', Object(SensitiveParameterValue), 'groceries', 3306, '', 0)
#1 C:\xampp\htdocs\ci4practice1\system\Database\BaseConnection.php(391): CodeIgniter\Database\MySQLi\Connection->connect(false)
#2 C:\xampp\htdocs\ci4practice1\system\Database\BaseConnection.php(573): CodeIgniter\Database\BaseConnection->initialize()
#3 C:\xampp\htdocs\ci4practice1\system\Database\BaseBuilder.php(1616): CodeIgniter\Database\BaseConnection->query('SELECT *\nFROM `...', Array, false)
#4 C:\xampp\htdocs\ci4practice1\system\Model.php(241): CodeIgniter\Database\BaseBuilder->get()
#5 C:\xampp\htdocs\ci4practice1\system\BaseModel.php(618): CodeIgniter\Model->doFindAll(0, 0)
#6 C:\xampp\htdocs\ci4practice1\app\Models\UserModel.php(22): CodeIgniter\BaseModel->findAll()
#7 C:\xampp\htdocs\ci4practice1\app\Controllers\UserController.php(14): App\Models\UserModel->getallproducts()
#8 C:\xampp\htdocs\ci4practice1\system\CodeIgniter.php(934): App\Controllers\Usercontroller->shop()
#9 C:\xampp\htdocs\ci4practice1\system\CodeIgniter.php(499): CodeIgniter\CodeIgniter->runController(Object(App\Controllers\Usercontroller))
#10 C:\xampp\htdocs\ci4practice1\system\CodeIgniter.php(368): CodeIgniter\CodeIgniter->handleRequest(NULL, Object(Config\Cache), false)
#11 C:\xampp\htdocs\ci4practice1\index.php(67): CodeIgniter\CodeIgniter->run()
#12 {main}

Next CodeIgniter\Database\Exceptions\DatabaseException: Unknown database 'groceries' in C:\xampp\htdocs\ci4practice1\system\Database\MySQLi\Connection.php:218
Stack trace:
#0 C:\xampp\htdocs\ci4practice1\system\Database\BaseConnection.php(391): CodeIgniter\Database\MySQLi\Connection->connect(false)
#1 C:\xampp\htdocs\ci4practice1\system\Database\BaseConnection.php(573): CodeIgniter\Database\BaseConnection->initialize()
#2 C:\xampp\htdocs\ci4practice1\system\Database\BaseBuilder.php(1616): CodeIgniter\Database\BaseConnection->query('SELECT *\nFROM `...', Array, false)
#3 C:\xampp\htdocs\ci4practice1\system\Model.php(241): CodeIgniter\Database\BaseBuilder->get()
#4 C:\xampp\htdocs\ci4practice1\system\BaseModel.php(618): CodeIgniter\Model->doFindAll(0, 0)
#5 C:\xampp\htdocs\ci4practice1\app\Models\UserModel.php(22): CodeIgniter\BaseModel->findAll()
#6 C:\xampp\htdocs\ci4practice1\app\Controllers\UserController.php(14): App\Models\UserModel->getallproducts()
#7 C:\xampp\htdocs\ci4practice1\system\CodeIgniter.php(934): App\Controllers\Usercontroller->shop()
#8 C:\xampp\htdocs\ci4practice1\system\CodeIgniter.php(499): CodeIgniter\CodeIgniter->runController(Object(App\Controllers\Usercontroller))
#9 C:\xampp\htdocs\ci4practice1\system\CodeIgniter.php(368): CodeIgniter\CodeIgniter->handleRequest(NULL, Object(Config\Cache), false)
#10 C:\xampp\htdocs\ci4practice1\index.php(67): CodeIgniter\CodeIgniter->run()
#11 {main}
CRITICAL - 2023-07-11 06:11:59 --> Unable to connect to the database.
Main connection [MySQLi]: Unknown database 'groceries'
in SYSTEMPATH\Database\BaseConnection.php on line 427.
 1 SYSTEMPATH\Database\BaseConnection.php(573): CodeIgniter\Database\BaseConnection->initialize()
 2 SYSTEMPATH\Database\BaseBuilder.php(1616): CodeIgniter\Database\BaseConnection->query('SELECT *
FROM `product`', [], false)
 3 SYSTEMPATH\Model.php(241): CodeIgniter\Database\BaseBuilder->get()
 4 SYSTEMPATH\BaseModel.php(618): CodeIgniter\Model->doFindAll(0, 0)
 5 APPPATH\Models\UserModel.php(22): CodeIgniter\BaseModel->findAll()
 6 APPPATH\Controllers\UserController.php(14): App\Models\UserModel->getallproducts()
 7 SYSTEMPATH\CodeIgniter.php(934): App\Controllers\Usercontroller->shop()
 8 SYSTEMPATH\CodeIgniter.php(499): CodeIgniter\CodeIgniter->runController(Object(App\Controllers\Usercontroller))
 9 SYSTEMPATH\CodeIgniter.php(368): CodeIgniter\CodeIgniter->handleRequest(null, Object(Config\Cache), false)
10 FCPATH\index.php(67): CodeIgniter\CodeIgniter->run()
ERROR - 2023-07-11 06:12:18 --> Error connecting to the database: mysqli_sql_exception: Unknown database 'groceries' in C:\xampp\htdocs\ci4practice1\system\Database\MySQLi\Connection.php:173
Stack trace:
#0 C:\xampp\htdocs\ci4practice1\system\Database\MySQLi\Connection.php(173): mysqli->real_connect('localhost', 'root', Object(SensitiveParameterValue), 'groceries', 3306, '', 0)
#1 C:\xampp\htdocs\ci4practice1\system\Database\BaseConnection.php(391): CodeIgniter\Database\MySQLi\Connection->connect(false)
#2 C:\xampp\htdocs\ci4practice1\system\Database\BaseConnection.php(573): CodeIgniter\Database\BaseConnection->initialize()
#3 C:\xampp\htdocs\ci4practice1\system\Database\BaseBuilder.php(1616): CodeIgniter\Database\BaseConnection->query('SELECT *\nFROM `...', Array, false)
#4 C:\xampp\htdocs\ci4practice1\system\Model.php(241): CodeIgniter\Database\BaseBuilder->get()
#5 C:\xampp\htdocs\ci4practice1\system\BaseModel.php(618): CodeIgniter\Model->doFindAll(0, 0)
#6 C:\xampp\htdocs\ci4practice1\app\Models\UserModel.php(22): CodeIgniter\BaseModel->findAll()
#7 C:\xampp\htdocs\ci4practice1\app\Controllers\MyController.php(52): App\Models\UserModel->getallproducts()
#8 C:\xampp\htdocs\ci4practice1\system\CodeIgniter.php(934): App\Controllers\MyController->viewproducts2()
#9 C:\xampp\htdocs\ci4practice1\system\CodeIgniter.php(499): CodeIgniter\CodeIgniter->runController(Object(App\Controllers\MyController))
#10 C:\xampp\htdocs\ci4practice1\system\CodeIgniter.php(368): CodeIgniter\CodeIgniter->handleRequest(NULL, Object(Config\Cache), false)
#11 C:\xampp\htdocs\ci4practice1\index.php(67): CodeIgniter\CodeIgniter->run()
#12 {main}

Next CodeIgniter\Database\Exceptions\DatabaseException: Unknown database 'groceries' in C:\xampp\htdocs\ci4practice1\system\Database\MySQLi\Connection.php:218
Stack trace:
#0 C:\xampp\htdocs\ci4practice1\system\Database\BaseConnection.php(391): CodeIgniter\Database\MySQLi\Connection->connect(false)
#1 C:\xampp\htdocs\ci4practice1\system\Database\BaseConnection.php(573): CodeIgniter\Database\BaseConnection->initialize()
#2 C:\xampp\htdocs\ci4practice1\system\Database\BaseBuilder.php(1616): CodeIgniter\Database\BaseConnection->query('SELECT *\nFROM `...', Array, false)
#3 C:\xampp\htdocs\ci4practice1\system\Model.php(241): CodeIgniter\Database\BaseBuilder->get()
#4 C:\xampp\htdocs\ci4practice1\system\BaseModel.php(618): CodeIgniter\Model->doFindAll(0, 0)
#5 C:\xampp\htdocs\ci4practice1\app\Models\UserModel.php(22): CodeIgniter\BaseModel->findAll()
#6 C:\xampp\htdocs\ci4practice1\app\Controllers\MyController.php(52): App\Models\UserModel->getallproducts()
#7 C:\xampp\htdocs\ci4practice1\system\CodeIgniter.php(934): App\Controllers\MyController->viewproducts2()
#8 C:\xampp\htdocs\ci4practice1\system\CodeIgniter.php(499): CodeIgniter\CodeIgniter->runController(Object(App\Controllers\MyController))
#9 C:\xampp\htdocs\ci4practice1\system\CodeIgniter.php(368): CodeIgniter\CodeIgniter->handleRequest(NULL, Object(Config\Cache), false)
#10 C:\xampp\htdocs\ci4practice1\index.php(67): CodeIgniter\CodeIgniter->run()
#11 {main}
CRITICAL - 2023-07-11 06:12:18 --> Unable to connect to the database.
Main connection [MySQLi]: Unknown database 'groceries'
in SYSTEMPATH\Database\BaseConnection.php on line 427.
 1 SYSTEMPATH\Database\BaseConnection.php(573): CodeIgniter\Database\BaseConnection->initialize()
 2 SYSTEMPATH\Database\BaseBuilder.php(1616): CodeIgniter\Database\BaseConnection->query('SELECT *
FROM `product`', [], false)
 3 SYSTEMPATH\Model.php(241): CodeIgniter\Database\BaseBuilder->get()
 4 SYSTEMPATH\BaseModel.php(618): CodeIgniter\Model->doFindAll(0, 0)
 5 APPPATH\Models\UserModel.php(22): CodeIgniter\BaseModel->findAll()
 6 APPPATH\Controllers\MyController.php(52): App\Models\UserModel->getallproducts()
 7 SYSTEMPATH\CodeIgniter.php(934): App\Controllers\MyController->viewproducts2()
 8 SYSTEMPATH\CodeIgniter.php(499): CodeIgniter\CodeIgniter->runController(Object(App\Controllers\MyController))
 9 SYSTEMPATH\CodeIgniter.php(368): CodeIgniter\CodeIgniter->handleRequest(null, Object(Config\Cache), false)
10 FCPATH\index.php(67): CodeIgniter\CodeIgniter->run()
ERROR - 2023-07-11 06:34:30 --> Error connecting to the database: mysqli_sql_exception: Unknown database 'groceries' in C:\xampp\htdocs\ci4practice1\system\Database\MySQLi\Connection.php:173
Stack trace:
#0 C:\xampp\htdocs\ci4practice1\system\Database\MySQLi\Connection.php(173): mysqli->real_connect('localhost', 'root', Object(SensitiveParameterValue), 'groceries', 3306, '', 0)
#1 C:\xampp\htdocs\ci4practice1\system\Database\BaseConnection.php(391): CodeIgniter\Database\MySQLi\Connection->connect(false)
#2 C:\xampp\htdocs\ci4practice1\system\Database\BaseConnection.php(573): CodeIgniter\Database\BaseConnection->initialize()
#3 C:\xampp\htdocs\ci4practice1\system\Database\BaseBuilder.php(1616): CodeIgniter\Database\BaseConnection->query('SELECT *\nFROM `...', Array, false)
#4 C:\xampp\htdocs\ci4practice1\system\Model.php(241): CodeIgniter\Database\BaseBuilder->get()
#5 C:\xampp\htdocs\ci4practice1\system\BaseModel.php(618): CodeIgniter\Model->doFindAll(0, 0)
#6 C:\xampp\htdocs\ci4practice1\app\Models\UserModel.php(22): CodeIgniter\BaseModel->findAll()
#7 C:\xampp\htdocs\ci4practice1\app\Controllers\UserController.php(14): App\Models\UserModel->getallproducts()
#8 C:\xampp\htdocs\ci4practice1\system\CodeIgniter.php(934): App\Controllers\Usercontroller->shop()
#9 C:\xampp\htdocs\ci4practice1\system\CodeIgniter.php(499): CodeIgniter\CodeIgniter->runController(Object(App\Controllers\Usercontroller))
#10 C:\xampp\htdocs\ci4practice1\system\CodeIgniter.php(368): CodeIgniter\CodeIgniter->handleRequest(NULL, Object(Config\Cache), false)
#11 C:\xampp\htdocs\ci4practice1\index.php(67): CodeIgniter\CodeIgniter->run()
#12 {main}

Next CodeIgniter\Database\Exceptions\DatabaseException: Unknown database 'groceries' in C:\xampp\htdocs\ci4practice1\system\Database\MySQLi\Connection.php:218
Stack trace:
#0 C:\xampp\htdocs\ci4practice1\system\Database\BaseConnection.php(391): CodeIgniter\Database\MySQLi\Connection->connect(false)
#1 C:\xampp\htdocs\ci4practice1\system\Database\BaseConnection.php(573): CodeIgniter\Database\BaseConnection->initialize()
#2 C:\xampp\htdocs\ci4practice1\system\Database\BaseBuilder.php(1616): CodeIgniter\Database\BaseConnection->query('SELECT *\nFROM `...', Array, false)
#3 C:\xampp\htdocs\ci4practice1\system\Model.php(241): CodeIgniter\Database\BaseBuilder->get()
#4 C:\xampp\htdocs\ci4practice1\system\BaseModel.php(618): CodeIgniter\Model->doFindAll(0, 0)
#5 C:\xampp\htdocs\ci4practice1\app\Models\UserModel.php(22): CodeIgniter\BaseModel->findAll()
#6 C:\xampp\htdocs\ci4practice1\app\Controllers\UserController.php(14): App\Models\UserModel->getallproducts()
#7 C:\xampp\htdocs\ci4practice1\system\CodeIgniter.php(934): App\Controllers\Usercontroller->shop()
#8 C:\xampp\htdocs\ci4practice1\system\CodeIgniter.php(499): CodeIgniter\CodeIgniter->runController(Object(App\Controllers\Usercontroller))
#9 C:\xampp\htdocs\ci4practice1\system\CodeIgniter.php(368): CodeIgniter\CodeIgniter->handleRequest(NULL, Object(Config\Cache), false)
#10 C:\xampp\htdocs\ci4practice1\index.php(67): CodeIgniter\CodeIgniter->run()
#11 {main}
CRITICAL - 2023-07-11 06:34:30 --> Unable to connect to the database.
Main connection [MySQLi]: Unknown database 'groceries'
in SYSTEMPATH\Database\BaseConnection.php on line 427.
 1 SYSTEMPATH\Database\BaseConnection.php(573): CodeIgniter\Database\BaseConnection->initialize()
 2 SYSTEMPATH\Database\BaseBuilder.php(1616): CodeIgniter\Database\BaseConnection->query('SELECT *
FROM `product`', [], false)
 3 SYSTEMPATH\Model.php(241): CodeIgniter\Database\BaseBuilder->get()
 4 SYSTEMPATH\BaseModel.php(618): CodeIgniter\Model->doFindAll(0, 0)
 5 APPPATH\Models\UserModel.php(22): CodeIgniter\BaseModel->findAll()
 6 APPPATH\Controllers\UserController.php(14): App\Models\UserModel->getallproducts()
 7 SYSTEMPATH\CodeIgniter.php(934): App\Controllers\Usercontroller->shop()
 8 SYSTEMPATH\CodeIgniter.php(499): CodeIgniter\CodeIgniter->runController(Object(App\Controllers\Usercontroller))
 9 SYSTEMPATH\CodeIgniter.php(368): CodeIgniter\CodeIgniter->handleRequest(null, Object(Config\Cache), false)
10 FCPATH\index.php(67): CodeIgniter\CodeIgniter->run()
CRITICAL - 2023-07-11 06:43:06 --> There is no data to insert.
in SYSTEMPATH\BaseModel.php on line 762.
 1 SYSTEMPATH\BaseModel.php(762): CodeIgniter\Database\Exceptions\DataException::forEmptyDataset('insert')
 2 SYSTEMPATH\Model.php(730): CodeIgniter\BaseModel->insert([], true)
 3 APPPATH\Models\UserModel.php(18): CodeIgniter\Model->insert([...])
 4 APPPATH\Controllers\MyController.php(44): App\Models\UserModel->insertproduct([...])
 5 SYSTEMPATH\CodeIgniter.php(934): App\Controllers\MyController->insert()
 6 SYSTEMPATH\CodeIgniter.php(499): CodeIgniter\CodeIgniter->runController(Object(App\Controllers\MyController))
 7 SYSTEMPATH\CodeIgniter.php(368): CodeIgniter\CodeIgniter->handleRequest(null, Object(Config\Cache), false)
 8 FCPATH\index.php(67): CodeIgniter\CodeIgniter->run()
