CRITICAL - 2023-03-28 16:28:29 --> Undefined variable $id
in APPPATH\Controllers\MyController.php on line 38.
 1 APPPATH\Controllers\MyController.php(38): CodeIgniter\Debug\Exceptions->errorHandler(2, 'Undefined variable $id', 'APPPATH\\Controllers\\MyController.php', 38)
 2 SYSTEMPATH\CodeIgniter.php(934): App\Controllers\MyController->update('41')
 3 SYSTEMPATH\CodeIgniter.php(499): CodeIgniter\CodeIgniter->runController(Object(App\Controllers\MyController))
 4 SYSTEMPATH\CodeIgniter.php(368): CodeIgniter\CodeIgniter->handleRequest(null, Object(Config\Cache), false)
 5 FCPATH\index.php(67): CodeIgniter\CodeIgniter->run()
CRITICAL - 2023-03-28 16:38:25 --> Undefined variable $id
in APPPATH\Controllers\MyController.php on line 38.
 1 APPPATH\Controllers\MyController.php(38): CodeIgniter\Debug\Exceptions->errorHandler(2, 'Undefined variable $id', 'APPPATH\\Controllers\\MyController.php', 38)
 2 SYSTEMPATH\CodeIgniter.php(934): App\Controllers\MyController->update('41')
 3 SYSTEMPATH\CodeIgniter.php(499): CodeIgniter\CodeIgniter->runController(Object(App\Controllers\MyController))
 4 SYSTEMPATH\CodeIgniter.php(368): CodeIgniter\CodeIgniter->handleRequest(null, Object(Config\Cache), false)
 5 FCPATH\index.php(67): CodeIgniter\CodeIgniter->run()
CRITICAL - 2023-03-28 16:40:36 --> Invalid file: "update.php"
in SYSTEMPATH\Exceptions\FrameworkException.php on line 33.
 1 SYSTEMPATH\View\View.php(201): CodeIgniter\Exceptions\FrameworkException::forInvalidFile('update.php')
 2 SYSTEMPATH\Common.php(1184): CodeIgniter\View\View->render('update', [], true)
 3 APPPATH\Controllers\MyController.php(39): view('update', [...])
 4 SYSTEMPATH\CodeIgniter.php(934): App\Controllers\MyController->update('41')
 5 SYSTEMPATH\CodeIgniter.php(499): CodeIgniter\CodeIgniter->runController(Object(App\Controllers\MyController))
 6 SYSTEMPATH\CodeIgniter.php(368): CodeIgniter\CodeIgniter->handleRequest(null, Object(Config\Cache), false)
 7 FCPATH\index.php(67): CodeIgniter\CodeIgniter->run()
CRITICAL - 2023-03-28 16:40:47 --> Invalid file: "update.php"
in SYSTEMPATH\Exceptions\FrameworkException.php on line 33.
 1 SYSTEMPATH\View\View.php(201): CodeIgniter\Exceptions\FrameworkException::forInvalidFile('update.php')
 2 SYSTEMPATH\Common.php(1184): CodeIgniter\View\View->render('update', [], true)
 3 APPPATH\Controllers\MyController.php(39): view('update', [...])
 4 SYSTEMPATH\CodeIgniter.php(934): App\Controllers\MyController->update('41')
 5 SYSTEMPATH\CodeIgniter.php(499): CodeIgniter\CodeIgniter->runController(Object(App\Controllers\MyController))
 6 SYSTEMPATH\CodeIgniter.php(368): CodeIgniter\CodeIgniter->handleRequest(null, Object(Config\Cache), false)
 7 FCPATH\index.php(67): CodeIgniter\CodeIgniter->run()
