CRITICAL - 2023-06-02 16:37:45 --> There is no data to insert.
in SYSTEMPATH\BaseModel.php on line 762.
 1 SYSTEMPATH\BaseModel.php(762): CodeIgniter\Database\Exceptions\DataException::forEmptyDataset('insert')
 2 SYSTEMPATH\Model.php(730): CodeIgniter\BaseModel->insert([], true)
 3 APPPATH\Models\UserModel.php(18): CodeIgniter\Model->insert([...])
 4 APPPATH\Controllers\MyController.php(44): App\Models\UserModel->insertproduct([...])
 5 SYSTEMPATH\CodeIgniter.php(934): App\Controllers\MyController->insert()
 6 SYSTEMPATH\CodeIgniter.php(499): CodeIgniter\CodeIgniter->runController(Object(App\Controllers\MyController))
 7 SYSTEMPATH\CodeIgniter.php(368): CodeIgniter\CodeIgniter->handleRequest(null, Object(Config\Cache), false)
 8 FCPATH\index.php(67): CodeIgniter\CodeIgniter->run()
CRITICAL - 2023-06-02 16:46:25 --> There is no data to insert.
in SYSTEMPATH\BaseModel.php on line 762.
 1 SYSTEMPATH\BaseModel.php(762): CodeIgniter\Database\Exceptions\DataException::forEmptyDataset('insert')
 2 SYSTEMPATH\Model.php(730): CodeIgniter\BaseModel->insert([], true)
 3 APPPATH\Models\UserModel.php(18): CodeIgniter\Model->insert([...])
 4 APPPATH\Controllers\MyController.php(44): App\Models\UserModel->insertproduct([...])
 5 SYSTEMPATH\CodeIgniter.php(934): App\Controllers\MyController->insert()
 6 SYSTEMPATH\CodeIgniter.php(499): CodeIgniter\CodeIgniter->runController(Object(App\Controllers\MyController))
 7 SYSTEMPATH\CodeIgniter.php(368): CodeIgniter\CodeIgniter->handleRequest(null, Object(Config\Cache), false)
 8 FCPATH\index.php(67): CodeIgniter\CodeIgniter->run()
CRITICAL - 2023-06-02 16:46:51 --> There is no data to insert.
in SYSTEMPATH\BaseModel.php on line 762.
 1 SYSTEMPATH\BaseModel.php(762): CodeIgniter\Database\Exceptions\DataException::forEmptyDataset('insert')
 2 SYSTEMPATH\Model.php(730): CodeIgniter\BaseModel->insert([], true)
 3 APPPATH\Models\UserModel.php(18): CodeIgniter\Model->insert([...])
 4 APPPATH\Controllers\MyController.php(44): App\Models\UserModel->insertproduct([...])
 5 SYSTEMPATH\CodeIgniter.php(934): App\Controllers\MyController->insert()
 6 SYSTEMPATH\CodeIgniter.php(499): CodeIgniter\CodeIgniter->runController(Object(App\Controllers\MyController))
 7 SYSTEMPATH\CodeIgniter.php(368): CodeIgniter\CodeIgniter->handleRequest(null, Object(Config\Cache), false)
 8 FCPATH\index.php(67): CodeIgniter\CodeIgniter->run()
CRITICAL - 2023-06-02 16:50:57 --> There is no data to insert.
in SYSTEMPATH\BaseModel.php on line 762.
 1 SYSTEMPATH\BaseModel.php(762): CodeIgniter\Database\Exceptions\DataException::forEmptyDataset('insert')
 2 SYSTEMPATH\Model.php(730): CodeIgniter\BaseModel->insert([], true)
 3 APPPATH\Models\UserModel.php(18): CodeIgniter\Model->insert([...])
 4 APPPATH\Controllers\MyController.php(44): App\Models\UserModel->insertproduct([...])
 5 SYSTEMPATH\CodeIgniter.php(934): App\Controllers\MyController->insert()
 6 SYSTEMPATH\CodeIgniter.php(499): CodeIgniter\CodeIgniter->runController(Object(App\Controllers\MyController))
 7 SYSTEMPATH\CodeIgniter.php(368): CodeIgniter\CodeIgniter->handleRequest(null, Object(Config\Cache), false)
 8 FCPATH\index.php(67): CodeIgniter\CodeIgniter->run()
